Started GET "/" for ::1 at 2020-10-08 16:36:51 -0700
DEPRECATION WARNING: ActiveRecord::Base.raise_in_transactional_callbacks= is deprecated, has no effect and will be removed without replacement. (called from block (3 levels) in <class:Railtie> at /Users/carlosgarciajr/.rbenv/versions/2.5.1/lib/ruby/gems/2.5.0/gems/activerecord-5.0.7.2/lib/active_record/railtie.rb:113)
Processing by StaticPagesController#index as HTML
  Rendering static_pages/index.html.erb within layouts/application
  Rendered shared/_main_nav.html.erb (0.3ms)
  Rendered shared/_masthead.html.erb (0.2ms)
  Rendered shared/_sections_nav.html.erb (0.2ms)
  Rendered shared/_search_modal.html.erb (0.2ms)
  Rendered shared/_main_content.html.erb (0.2ms)
  Rendered static_pages/index.html.erb within layouts/application (15.2ms)
Completed 200 OK in 362ms (Views: 358.9ms | ActiveRecord: 0.0ms)


Started GET "/assets/application.self-5e5b219656abf8c4e83f7dfd5e5f4f415d8fe2348d16620303a4ed96d1b5a144.css?body=1" for ::1 at 2020-10-08 16:36:52 -0700
Started GET "/" for ::1 at 2020-10-08 16:36:53 -0700
Processing by StaticPagesController#index as HTML
  Rendering static_pages/index.html.erb within layouts/application
  Rendered shared/_main_nav.html.erb (0.2ms)
  Rendered shared/_masthead.html.erb (0.2ms)
  Rendered shared/_sections_nav.html.erb (0.2ms)
  Rendered shared/_search_modal.html.erb (0.2ms)
  Rendered shared/_main_content.html.erb (0.1ms)
  Rendered static_pages/index.html.erb within layouts/application (13.2ms)
Completed 200 OK in 29ms (Views: 26.9ms | ActiveRecord: 0.0ms)


Started GET "/" for ::1 at 2020-10-08 16:37:17 -0700
Processing by StaticPagesController#index as HTML
  Rendering static_pages/index.html.erb within layouts/application
  Rendered shared/_main_nav.html.erb (0.2ms)
  Rendered shared/_masthead.html.erb (0.2ms)
  Rendered shared/_sections_nav.html.erb (0.2ms)
  Rendered shared/_search_modal.html.erb (0.2ms)
  Rendered shared/_main_content.html.erb (0.2ms)
  Rendered static_pages/index.html.erb within layouts/application (14.6ms)
Completed 200 OK in 35ms (Views: 31.8ms | ActiveRecord: 0.0ms)


Started GET "/" for ::1 at 2020-10-08 16:37:20 -0700
Processing by StaticPagesController#index as HTML
  Rendering static_pages/index.html.erb within layouts/application
  Rendered shared/_main_nav.html.erb (0.2ms)
  Rendered shared/_masthead.html.erb (0.2ms)
  Rendered shared/_sections_nav.html.erb (0.2ms)
  Rendered shared/_search_modal.html.erb (0.2ms)
  Rendered shared/_main_content.html.erb (0.2ms)
  Rendered static_pages/index.html.erb within layouts/application (12.8ms)
Completed 200 OK in 30ms (Views: 27.7ms | ActiveRecord: 0.0ms)


Started GET "/" for ::1 at 2020-10-09 09:59:50 -0700
DEPRECATION WARNING: ActiveRecord::Base.raise_in_transactional_callbacks= is deprecated, has no effect and will be removed without replacement. (called from block (3 levels) in <class:Railtie> at /Users/carlosgarciajr/.rbenv/versions/2.5.1/lib/ruby/gems/2.5.0/gems/activerecord-5.0.7.2/lib/active_record/railtie.rb:113)
Processing by StaticPagesController#index as HTML
  Rendering static_pages/index.html.erb within layouts/application
  Rendered shared/_main_nav.html.erb (0.3ms)
  Rendered shared/_masthead.html.erb (0.2ms)
  Rendered shared/_sections_nav.html.erb (0.2ms)
  Rendered shared/_search_modal.html.erb (0.2ms)
  Rendered shared/_main_content.html.erb (0.2ms)
  Rendered static_pages/index.html.erb within layouts/application (15.4ms)
Completed 200 OK in 353ms (Views: 350.1ms | ActiveRecord: 0.0ms)


Started GET "/assets/application.self-7aae4f884d21c0f895d0e25909b4a3857ca3f7bdd4412baf28bf32a8b1f558b1.css?body=1" for ::1 at 2020-10-09 09:59:51 -0700
Started GET "/" for ::1 at 2020-10-09 10:00:16 -0700
Processing by StaticPagesController#index as HTML
  Rendering static_pages/index.html.erb within layouts/application
  Rendered shared/_main_nav.html.erb (0.2ms)
  Rendered shared/_masthead.html.erb (0.2ms)
  Rendered shared/_sections_nav.html.erb (0.1ms)
  Rendered shared/_search_modal.html.erb (0.2ms)
  Rendered shared/_main_content.html.erb (0.4ms)
  Rendered static_pages/index.html.erb within layouts/application (12.9ms)
Completed 200 OK in 34ms (Views: 30.5ms | ActiveRecord: 0.0ms)


Started GET "/assets/new_office.jpg" for ::1 at 2020-10-09 10:00:16 -0700
Started GET "/" for ::1 at 2020-10-09 10:03:51 -0700
Processing by StaticPagesController#index as HTML
  Rendering static_pages/index.html.erb within layouts/application
  Rendered shared/_main_nav.html.erb (0.2ms)
  Rendered shared/_masthead.html.erb (0.2ms)
  Rendered shared/_sections_nav.html.erb (0.3ms)
  Rendered shared/_search_modal.html.erb (0.2ms)
  Rendered shared/_main_content.html.erb (0.3ms)
  Rendered static_pages/index.html.erb within layouts/application (13.1ms)
Completed 200 OK in 109ms (Views: 104.9ms | ActiveRecord: 0.0ms)


Started GET "/assets/application.self-e229079662ba64eec2df88cc9898f07a6b5005419aa37c928d3d684a6d58d3e4.css?body=1" for ::1 at 2020-10-09 10:03:51 -0700
Started GET "/assets/new_office.jpg" for ::1 at 2020-10-09 10:03:51 -0700
Started GET "/" for ::1 at 2020-10-12 13:48:14 -0700
DEPRECATION WARNING: ActiveRecord::Base.raise_in_transactional_callbacks= is deprecated, has no effect and will be removed without replacement. (called from block (3 levels) in <class:Railtie> at /Users/carlosgarciajr/.rbenv/versions/2.5.1/lib/ruby/gems/2.5.0/gems/activerecord-5.0.7.2/lib/active_record/railtie.rb:113)
Processing by StaticPagesController#index as HTML
  Rendering static_pages/index.html.erb within layouts/application
  Rendered shared/_main_nav.html.erb (0.2ms)
  Rendered shared/_masthead.html.erb (0.1ms)
  Rendered shared/_sections_nav.html.erb (0.1ms)
  Rendered shared/_search_modal.html.erb (0.2ms)
  Rendered shared/_main_content.html.erb (0.3ms)
  Rendered static_pages/index.html.erb within layouts/application (14.5ms)
Completed 500 Internal Server Error in 194ms (ActiveRecord: 0.0ms)



Sass::SyntaxError - File to import not found or unreadable: base/grid.scss.
Load paths:
  /Users/carlosgarciajr/Documents/programming/app_academy_work/curriculum/html-css/projects/aa_times/skeleton/app/assets/images
  /Users/carlosgarciajr/Documents/programming/app_academy_work/curriculum/html-css/projects/aa_times/skeleton/app/assets/javascripts
  /Users/carlosgarciajr/Documents/programming/app_academy_work/curriculum/html-css/projects/aa_times/skeleton/app/assets/stylesheets
  /Users/carlosgarciajr/Documents/programming/app_academy_work/curriculum/html-css/projects/aa_times/skeleton/vendor/assets/javascripts
  /Users/carlosgarciajr/Documents/programming/app_academy_work/curriculum/html-css/projects/aa_times/skeleton/vendor/assets/stylesheets
  /Users/carlosgarciajr/.rbenv/versions/2.5.1/lib/ruby/gems/2.5.0/gems/jquery-rails-4.4.0/vendor/assets/javascripts
  /Users/carlosgarciajr/.rbenv/versions/2.5.1/lib/ruby/gems/2.5.0/gems/coffee-rails-4.2.2/lib/assets/javascripts
  /Users/carlosgarciajr/.rbenv/versions/2.5.1/lib/ruby/gems/2.5.0/gems/actioncable-5.0.7.2/lib/assets/compiled:
  app/views/layouts/application.html.erb:7:in `_app_views_layouts_application_html_erb___270333905406359367_70279989431840'

Started POST "/__better_errors/927a171e4587d656/variables" for ::1 at 2020-10-12 13:48:14 -0700
Started GET "/" for ::1 at 2020-10-12 13:48:41 -0700
Processing by StaticPagesController#index as HTML
  Rendering static_pages/index.html.erb within layouts/application
  Rendered shared/_main_nav.html.erb (0.2ms)
  Rendered shared/_masthead.html.erb (0.1ms)
  Rendered shared/_sections_nav.html.erb (0.3ms)
  Rendered shared/_search_modal.html.erb (0.3ms)
  Rendered shared/_main_content.html.erb (0.2ms)
  Rendered static_pages/index.html.erb within layouts/application (12.8ms)
Completed 200 OK in 110ms (Views: 107.4ms | ActiveRecord: 0.0ms)


Started GET "/assets/application.self-1237ad35a9ee79bd64030d4638d1fd80f6734c490eb538e0dd01d7af3c16bf40.css?body=1" for ::1 at 2020-10-12 13:48:41 -0700
Started GET "/" for ::1 at 2020-10-12 13:48:43 -0700
Processing by StaticPagesController#index as HTML
  Rendering static_pages/index.html.erb within layouts/application
  Rendered shared/_main_nav.html.erb (0.2ms)
  Rendered shared/_masthead.html.erb (0.2ms)
  Rendered shared/_sections_nav.html.erb (0.2ms)
  Rendered shared/_search_modal.html.erb (0.2ms)
  Rendered shared/_main_content.html.erb (0.2ms)
  Rendered static_pages/index.html.erb within layouts/application (13.1ms)
Completed 200 OK in 33ms (Views: 29.9ms | ActiveRecord: 0.0ms)


Started GET "/" for ::1 at 2020-10-12 13:55:52 -0700
DEPRECATION WARNING: ActiveRecord::Base.raise_in_transactional_callbacks= is deprecated, has no effect and will be removed without replacement. (called from block (3 levels) in <class:Railtie> at /Users/carlosgarciajr/.rbenv/versions/2.5.1/lib/ruby/gems/2.5.0/gems/activerecord-5.0.7.2/lib/active_record/railtie.rb:113)
Processing by StaticPagesController#index as HTML
  Rendering static_pages/index.html.erb within layouts/application
  Rendered shared/_main_nav.html.erb (0.2ms)
  Rendered shared/_masthead.html.erb (0.1ms)
  Rendered shared/_sections_nav.html.erb (0.3ms)
  Rendered shared/_search_modal.html.erb (0.2ms)
  Rendered shared/_main_content.html.erb (0.3ms)
  Rendered static_pages/index.html.erb within layouts/application (14.6ms)
Completed 200 OK in 257ms (Views: 254.8ms | ActiveRecord: 0.0ms)


Started GET "/assets/application.self-758afe40c177e32f890a8b8e23f11571b5d1785af915c0789bd6a19191afc6ab.css?body=1" for ::1 at 2020-10-12 13:55:52 -0700
Started GET "/assets/new_office.jpg" for ::1 at 2020-10-12 13:55:52 -0700
Started GET "/" for ::1 at 2020-10-12 13:56:32 -0700
Processing by StaticPagesController#index as HTML
  Rendering static_pages/index.html.erb within layouts/application
  Rendered shared/_main_nav.html.erb (0.1ms)
  Rendered shared/_masthead.html.erb (0.2ms)
  Rendered shared/_sections_nav.html.erb (0.1ms)
  Rendered shared/_search_modal.html.erb (0.3ms)
  Rendered shared/_main_content.html.erb (0.3ms)
  Rendered static_pages/index.html.erb within layouts/application (12.3ms)
Completed 200 OK in 75ms (Views: 72.8ms | ActiveRecord: 0.0ms)


Started GET "/assets/application.self-e229079662ba64eec2df88cc9898f07a6b5005419aa37c928d3d684a6d58d3e4.css?body=1" for ::1 at 2020-10-12 13:56:32 -0700
Started GET "/assets/new_office.jpg" for ::1 at 2020-10-12 13:56:32 -0700
Started GET "/" for ::1 at 2020-10-12 13:56:33 -0700
Processing by StaticPagesController#index as HTML
  Rendering static_pages/index.html.erb within layouts/application
  Rendered shared/_main_nav.html.erb (0.2ms)
  Rendered shared/_masthead.html.erb (0.2ms)
  Rendered shared/_sections_nav.html.erb (0.2ms)
  Rendered shared/_search_modal.html.erb (0.2ms)
  Rendered shared/_main_content.html.erb (0.2ms)
  Rendered static_pages/index.html.erb within layouts/application (12.9ms)
Completed 200 OK in 34ms (Views: 31.3ms | ActiveRecord: 0.0ms)


Started GET "/assets/new_office.jpg" for ::1 at 2020-10-12 13:56:33 -0700
Started GET "/" for ::1 at 2020-10-12 13:57:15 -0700
Processing by StaticPagesController#index as HTML
  Rendering static_pages/index.html.erb within layouts/application
  Rendered shared/_main_nav.html.erb (0.2ms)
  Rendered shared/_masthead.html.erb (0.2ms)
  Rendered shared/_sections_nav.html.erb (0.2ms)
  Rendered shared/_search_modal.html.erb (0.2ms)
  Rendered shared/_main_content.html.erb (0.3ms)
  Rendered static_pages/index.html.erb within layouts/application (12.6ms)
Completed 200 OK in 92ms (Views: 88.2ms | ActiveRecord: 0.0ms)


Started GET "/assets/application.self-7aae4f884d21c0f895d0e25909b4a3857ca3f7bdd4412baf28bf32a8b1f558b1.css?body=1" for ::1 at 2020-10-12 13:57:15 -0700
Started GET "/assets/new_office.jpg" for ::1 at 2020-10-12 13:57:15 -0700
Started GET "/" for ::1 at 2021-04-08 09:56:26 -0500
DEPRECATION WARNING: ActiveRecord::Base.raise_in_transactional_callbacks= is deprecated, has no effect and will be removed without replacement. (called from block (3 levels) in <class:Railtie> at /Users/tahjharris/.rbenv/versions/2.5.1/lib/ruby/gems/2.5.0/gems/activerecord-5.0.7.2/lib/active_record/railtie.rb:113)
Processing by StaticPagesController#index as HTML
  Rendering static_pages/index.html.erb within layouts/application
  Rendered shared/_main_nav.html.erb (0.5ms)
  Rendered shared/_masthead.html.erb (0.4ms)
  Rendered shared/_sections_nav.html.erb (0.6ms)
  Rendered shared/_search_modal.html.erb (0.4ms)
  Rendered shared/_main_content.html.erb (0.4ms)
  Rendered static_pages/index.html.erb within layouts/application (24.7ms)
Completed 200 OK in 695ms (Views: 690.9ms | ActiveRecord: 0.0ms)


Started GET "/assets/application.self-30caaee97f1408158748bde2f46fd512b5bdc05f1ca0f54b557733edcc617fea.css?body=1" for ::1 at 2021-04-08 09:56:27 -0500
Started GET "/assets/jquery.self-bd7ddd393353a8d2480a622e80342adf488fb6006d667e8b42e4c0073393abee.js?body=1" for ::1 at 2021-04-08 09:56:27 -0500
Started GET "/assets/components/modal.self-52188644dbb47def5ee35ae02e69eb567ca9b664472357a8a5789dd39032a265.js?body=1" for ::1 at 2021-04-08 09:56:27 -0500
Started GET "/assets/application.self-f571b9db02bf4ed04c38a6a29072ac382f7d4f47db1fab9817aeadb0d8665235.js?body=1" for ::1 at 2021-04-08 09:56:27 -0500
Started GET "/assets/components/sidebar.self-2a1277f850a6fa21e1a974ef5152f177ac05516477d5081d593bb137b3d6808b.js?body=1" for ::1 at 2021-04-08 09:56:27 -0500
Started GET "/assets/jquery_ujs.self-784a997f6726036b1993eb2217c9cb558e1cbb801c6da88105588c56f13b466a.js?body=1" for ::1 at 2021-04-08 09:56:27 -0500
Started GET "/" for ::1 at 2021-04-08 10:12:45 -0500
DEPRECATION WARNING: ActiveRecord::Base.raise_in_transactional_callbacks= is deprecated, has no effect and will be removed without replacement. (called from block (3 levels) in <class:Railtie> at /Users/tahjharris/.rbenv/versions/2.5.1/lib/ruby/gems/2.5.0/gems/activerecord-5.0.7.2/lib/active_record/railtie.rb:113)
Processing by StaticPagesController#index as HTML
  Rendering static_pages/index.html.erb within layouts/application
  Rendered shared/_main_nav.html.erb (1.6ms)
  Rendered shared/_masthead.html.erb (2.8ms)
  Rendered shared/_sections_nav.html.erb (1.4ms)
  Rendered shared/_search_modal.html.erb (1.6ms)
  Rendered shared/_main_content.html.erb (1.0ms)
  Rendered static_pages/index.html.erb within layouts/application (118.9ms)
Completed 200 OK in 1281ms (Views: 1271.0ms | ActiveRecord: 0.0ms)


Started GET "/assets/application.self-6ea32e5fd65e35630570c858277ef20bf6f58a74eff203cd2f4f239de228d4f1.css?body=1" for ::1 at 2021-04-08 10:12:47 -0500
Started GET "/assets/application.self-6ea32e5fd65e35630570c858277ef20bf6f58a74eff203cd2f4f239de228d4f1.css?body=1&livereload=1617895370466" for ::1 at 2021-04-08 10:22:50 -0500
Started GET "/assets/application.self-6ea32e5fd65e35630570c858277ef20bf6f58a74eff203cd2f4f239de228d4f1.css?body=1&livereload=1617895370480" for ::1 at 2021-04-08 10:22:50 -0500
Started GET "/assets/application.self-6ea32e5fd65e35630570c858277ef20bf6f58a74eff203cd2f4f239de228d4f1.css?body=1&livereload=1617895394079" for ::1 at 2021-04-08 10:23:14 -0500
Started GET "/assets/application.self-6ea32e5fd65e35630570c858277ef20bf6f58a74eff203cd2f4f239de228d4f1.css?body=1&livereload=1617895394082" for ::1 at 2021-04-08 10:23:14 -0500
Started GET "/assets/application.self-6ea32e5fd65e35630570c858277ef20bf6f58a74eff203cd2f4f239de228d4f1.css?body=1&livereload=1617895396996" for ::1 at 2021-04-08 10:23:17 -0500
Started GET "/assets/application.self-6ea32e5fd65e35630570c858277ef20bf6f58a74eff203cd2f4f239de228d4f1.css?body=1&livereload=1617895397000" for ::1 at 2021-04-08 10:23:17 -0500
Started GET "/assets/application.self-6ea32e5fd65e35630570c858277ef20bf6f58a74eff203cd2f4f239de228d4f1.css?body=1&livereload=1617895398525" for ::1 at 2021-04-08 10:23:18 -0500
Started GET "/assets/application.self-6ea32e5fd65e35630570c858277ef20bf6f58a74eff203cd2f4f239de228d4f1.css?body=1&livereload=1617895398528" for ::1 at 2021-04-08 10:23:18 -0500
Started GET "/assets/application.self-6ea32e5fd65e35630570c858277ef20bf6f58a74eff203cd2f4f239de228d4f1.css?body=1&livereload=1617895404959" for ::1 at 2021-04-08 10:23:25 -0500
Started GET "/assets/application.self-6ea32e5fd65e35630570c858277ef20bf6f58a74eff203cd2f4f239de228d4f1.css?body=1&livereload=1617895404964" for ::1 at 2021-04-08 10:23:25 -0500
Started GET "/assets/application.self-6ea32e5fd65e35630570c858277ef20bf6f58a74eff203cd2f4f239de228d4f1.css?body=1&livereload=1617895408860" for ::1 at 2021-04-08 10:23:28 -0500
Started GET "/assets/application.self-6ea32e5fd65e35630570c858277ef20bf6f58a74eff203cd2f4f239de228d4f1.css?body=1&livereload=1617895408862" for ::1 at 2021-04-08 10:23:28 -0500
Started GET "/assets/application.self-6ea32e5fd65e35630570c858277ef20bf6f58a74eff203cd2f4f239de228d4f1.css?body=1&livereload=1617895411207" for ::1 at 2021-04-08 10:23:31 -0500
Started GET "/assets/application.self-6ea32e5fd65e35630570c858277ef20bf6f58a74eff203cd2f4f239de228d4f1.css?body=1&livereload=1617895411209" for ::1 at 2021-04-08 10:23:31 -0500
Started GET "/assets/application.self-6ea32e5fd65e35630570c858277ef20bf6f58a74eff203cd2f4f239de228d4f1.css?body=1&livereload=1617895412238" for ::1 at 2021-04-08 10:23:32 -0500
Started GET "/assets/application.self-6ea32e5fd65e35630570c858277ef20bf6f58a74eff203cd2f4f239de228d4f1.css?body=1&livereload=1617895412245" for ::1 at 2021-04-08 10:23:32 -0500
Started GET "/assets/application.self-6ea32e5fd65e35630570c858277ef20bf6f58a74eff203cd2f4f239de228d4f1.css?body=1&livereload=1617895424695" for ::1 at 2021-04-08 10:23:44 -0500
Started GET "/assets/application.self-6ea32e5fd65e35630570c858277ef20bf6f58a74eff203cd2f4f239de228d4f1.css?body=1&livereload=1617895424698" for ::1 at 2021-04-08 10:23:44 -0500
Started GET "/assets/application.self-6ea32e5fd65e35630570c858277ef20bf6f58a74eff203cd2f4f239de228d4f1.css?body=1&livereload=1617895425907" for ::1 at 2021-04-08 10:23:45 -0500
Started GET "/assets/application.self-6ea32e5fd65e35630570c858277ef20bf6f58a74eff203cd2f4f239de228d4f1.css?body=1&livereload=1617895425911" for ::1 at 2021-04-08 10:23:45 -0500
Started GET "/assets/application.self-6ea32e5fd65e35630570c858277ef20bf6f58a74eff203cd2f4f239de228d4f1.css?body=1&livereload=1617895443796" for ::1 at 2021-04-08 10:24:03 -0500
Started GET "/assets/application.self-6ea32e5fd65e35630570c858277ef20bf6f58a74eff203cd2f4f239de228d4f1.css?body=1&livereload=1617895443798" for ::1 at 2021-04-08 10:24:03 -0500
Started GET "/assets/application.self-6ea32e5fd65e35630570c858277ef20bf6f58a74eff203cd2f4f239de228d4f1.css?body=1&livereload=1617895450256" for ::1 at 2021-04-08 10:24:10 -0500
Started GET "/assets/application.self-6ea32e5fd65e35630570c858277ef20bf6f58a74eff203cd2f4f239de228d4f1.css?body=1&livereload=1617895450258" for ::1 at 2021-04-08 10:24:10 -0500
Started GET "/assets/application.self-6ea32e5fd65e35630570c858277ef20bf6f58a74eff203cd2f4f239de228d4f1.css?body=1&livereload=1617895452806" for ::1 at 2021-04-08 10:24:12 -0500
Started GET "/assets/application.self-6ea32e5fd65e35630570c858277ef20bf6f58a74eff203cd2f4f239de228d4f1.css?body=1&livereload=1617895452810" for ::1 at 2021-04-08 10:24:12 -0500
Started GET "/assets/application.self-6ea32e5fd65e35630570c858277ef20bf6f58a74eff203cd2f4f239de228d4f1.css?body=1&livereload=1617895560322" for ::1 at 2021-04-08 10:26:00 -0500
Started GET "/assets/application.self-6ea32e5fd65e35630570c858277ef20bf6f58a74eff203cd2f4f239de228d4f1.css?body=1&livereload=1617895560325" for ::1 at 2021-04-08 10:26:00 -0500
Started GET "/assets/application.self-6ea32e5fd65e35630570c858277ef20bf6f58a74eff203cd2f4f239de228d4f1.css?body=1&livereload=1617895700549" for ::1 at 2021-04-08 10:28:20 -0500
Started GET "/assets/application.self-6ea32e5fd65e35630570c858277ef20bf6f58a74eff203cd2f4f239de228d4f1.css?body=1&livereload=1617895700556" for ::1 at 2021-04-08 10:28:20 -0500
Started GET "/assets/application.self-6ea32e5fd65e35630570c858277ef20bf6f58a74eff203cd2f4f239de228d4f1.css?body=1&livereload=1617895715769" for ::1 at 2021-04-08 10:28:35 -0500
Started GET "/assets/application.self-6ea32e5fd65e35630570c858277ef20bf6f58a74eff203cd2f4f239de228d4f1.css?body=1&livereload=1617895715772" for ::1 at 2021-04-08 10:28:35 -0500
Started GET "/assets/application.self-6ea32e5fd65e35630570c858277ef20bf6f58a74eff203cd2f4f239de228d4f1.css?body=1&livereload=1617895724764" for ::1 at 2021-04-08 10:28:44 -0500
Started GET "/assets/application.self-6ea32e5fd65e35630570c858277ef20bf6f58a74eff203cd2f4f239de228d4f1.css?body=1&livereload=1617895724767" for ::1 at 2021-04-08 10:28:44 -0500
Started GET "/" for ::1 at 2021-04-08 10:30:01 -0500
Processing by StaticPagesController#index as HTML
  Rendering static_pages/index.html.erb within layouts/application
  Rendered shared/_main_nav.html.erb (1.0ms)
  Rendered shared/_masthead.html.erb (1.5ms)
  Rendered shared/_sections_nav.html.erb (2.4ms)
  Rendered shared/_search_modal.html.erb (1.0ms)
  Rendered shared/_main_content.html.erb (1.2ms)
  Rendered static_pages/index.html.erb within layouts/application (61.0ms)
Completed 500 Internal Server Error in 328ms (ActiveRecord: 0.0ms)



Sass::SyntaxError - Invalid CSS after "  width": expected ";", was ": ":
  app/views/layouts/application.html.erb:7:in `_app_views_layouts_application_html_erb___523894215482696759_70321957995060'

Started POST "/__better_errors/230c6b70fe522872/variables" for ::1 at 2021-04-08 10:30:03 -0500
Started GET "/" for ::1 at 2021-04-08 10:30:31 -0500
Processing by StaticPagesController#index as HTML
  Rendering static_pages/index.html.erb within layouts/application
  Rendered shared/_main_nav.html.erb (1.1ms)
  Rendered shared/_masthead.html.erb (4.4ms)
  Rendered shared/_sections_nav.html.erb (3.4ms)
  Rendered shared/_search_modal.html.erb (0.6ms)
  Rendered shared/_main_content.html.erb (1.5ms)
  Rendered static_pages/index.html.erb within layouts/application (63.2ms)
Completed 200 OK in 983ms (Views: 963.8ms | ActiveRecord: 0.0ms)


Started GET "/assets/application.self-2370faa33b5b262396e4d9174514bad6649259a16e34e349f7321090158566ea.css?body=1" for ::1 at 2021-04-08 10:30:33 -0500
Started GET "/assets/application.self-2370faa33b5b262396e4d9174514bad6649259a16e34e349f7321090158566ea.css?body=1&livereload=1617895955293" for ::1 at 2021-04-08 10:32:35 -0500
Started GET "/assets/application.self-2370faa33b5b262396e4d9174514bad6649259a16e34e349f7321090158566ea.css?body=1&livereload=1617895955295" for ::1 at 2021-04-08 10:32:35 -0500
Started GET "/assets/application.self-2370faa33b5b262396e4d9174514bad6649259a16e34e349f7321090158566ea.css?body=1&livereload=1617895967167" for ::1 at 2021-04-08 10:32:47 -0500
Started GET "/assets/application.self-2370faa33b5b262396e4d9174514bad6649259a16e34e349f7321090158566ea.css?body=1&livereload=1617895967168" for ::1 at 2021-04-08 10:32:47 -0500
Started GET "/assets/application.self-2370faa33b5b262396e4d9174514bad6649259a16e34e349f7321090158566ea.css?body=1&livereload=1617895968668" for ::1 at 2021-04-08 10:32:48 -0500
Started GET "/assets/application.self-2370faa33b5b262396e4d9174514bad6649259a16e34e349f7321090158566ea.css?body=1&livereload=1617895968669" for ::1 at 2021-04-08 10:32:48 -0500
Started GET "/assets/application.self-2370faa33b5b262396e4d9174514bad6649259a16e34e349f7321090158566ea.css?body=1&livereload=1617896141357" for ::1 at 2021-04-08 10:35:41 -0500
Started GET "/assets/application.self-2370faa33b5b262396e4d9174514bad6649259a16e34e349f7321090158566ea.css?body=1&livereload=1617896141351" for ::1 at 2021-04-08 10:35:41 -0500
Started GET "/assets/application.self-2370faa33b5b262396e4d9174514bad6649259a16e34e349f7321090158566ea.css?body=1&livereload=1617896142477" for ::1 at 2021-04-08 10:35:42 -0500
Started GET "/assets/application.self-2370faa33b5b262396e4d9174514bad6649259a16e34e349f7321090158566ea.css?body=1&livereload=1617896142482" for ::1 at 2021-04-08 10:35:42 -0500
Started GET "/assets/application.self-2370faa33b5b262396e4d9174514bad6649259a16e34e349f7321090158566ea.css?body=1&livereload=1617896144257" for ::1 at 2021-04-08 10:35:44 -0500
Started GET "/assets/application.self-2370faa33b5b262396e4d9174514bad6649259a16e34e349f7321090158566ea.css?body=1&livereload=1617896144263" for ::1 at 2021-04-08 10:35:44 -0500
Started GET "/assets/application.self-2370faa33b5b262396e4d9174514bad6649259a16e34e349f7321090158566ea.css?body=1&livereload=1617896151927" for ::1 at 2021-04-08 10:35:51 -0500
Started GET "/assets/application.self-2370faa33b5b262396e4d9174514bad6649259a16e34e349f7321090158566ea.css?body=1&livereload=1617896151929" for ::1 at 2021-04-08 10:35:51 -0500
Started GET "/assets/application.self-2370faa33b5b262396e4d9174514bad6649259a16e34e349f7321090158566ea.css?body=1&livereload=1617896840267" for ::1 at 2021-04-08 10:47:20 -0500
Started GET "/assets/application.self-2370faa33b5b262396e4d9174514bad6649259a16e34e349f7321090158566ea.css?body=1&livereload=1617896840271" for ::1 at 2021-04-08 10:47:20 -0500
Started GET "/assets/application.self-2370faa33b5b262396e4d9174514bad6649259a16e34e349f7321090158566ea.css?body=1&livereload=1617896851396" for ::1 at 2021-04-08 10:47:31 -0500
Started GET "/assets/application.self-2370faa33b5b262396e4d9174514bad6649259a16e34e349f7321090158566ea.css?body=1&livereload=1617896851398" for ::1 at 2021-04-08 10:47:31 -0500
Started GET "/assets/application.self-2370faa33b5b262396e4d9174514bad6649259a16e34e349f7321090158566ea.css?body=1&livereload=1617896856751" for ::1 at 2021-04-08 10:47:36 -0500
Started GET "/assets/application.self-2370faa33b5b262396e4d9174514bad6649259a16e34e349f7321090158566ea.css?body=1&livereload=1617896856752" for ::1 at 2021-04-08 10:47:36 -0500
Started GET "/assets/application.self-2370faa33b5b262396e4d9174514bad6649259a16e34e349f7321090158566ea.css?body=1&livereload=1617896858074" for ::1 at 2021-04-08 10:47:38 -0500
Started GET "/assets/application.self-2370faa33b5b262396e4d9174514bad6649259a16e34e349f7321090158566ea.css?body=1&livereload=1617896858076" for ::1 at 2021-04-08 10:47:38 -0500
Started GET "/assets/application.self-2370faa33b5b262396e4d9174514bad6649259a16e34e349f7321090158566ea.css?body=1&livereload=1617896861437" for ::1 at 2021-04-08 10:47:41 -0500
Started GET "/assets/application.self-2370faa33b5b262396e4d9174514bad6649259a16e34e349f7321090158566ea.css?body=1&livereload=1617896861438" for ::1 at 2021-04-08 10:47:41 -0500
Started GET "/assets/application.self-2370faa33b5b262396e4d9174514bad6649259a16e34e349f7321090158566ea.css?body=1&livereload=1617896863221" for ::1 at 2021-04-08 10:47:43 -0500
Started GET "/assets/application.self-2370faa33b5b262396e4d9174514bad6649259a16e34e349f7321090158566ea.css?body=1&livereload=1617896863222" for ::1 at 2021-04-08 10:47:43 -0500
Started GET "/assets/application.self-2370faa33b5b262396e4d9174514bad6649259a16e34e349f7321090158566ea.css?body=1&livereload=1617896875964" for ::1 at 2021-04-08 10:47:55 -0500
Started GET "/assets/application.self-2370faa33b5b262396e4d9174514bad6649259a16e34e349f7321090158566ea.css?body=1&livereload=1617896875967" for ::1 at 2021-04-08 10:47:55 -0500
Started GET "/" for ::1 at 2021-04-08 10:48:21 -0500
Processing by StaticPagesController#index as HTML
  Rendering static_pages/index.html.erb within layouts/application
  Rendered shared/_main_nav.html.erb (1.8ms)
  Rendered shared/_masthead.html.erb (1.1ms)
  Rendered shared/_sections_nav.html.erb (0.9ms)
  Rendered shared/_search_modal.html.erb (1.1ms)
  Rendered shared/_main_content.html.erb (1.0ms)
  Rendered static_pages/index.html.erb within layouts/application (101.6ms)
Completed 200 OK in 299ms (Views: 282.0ms | ActiveRecord: 0.0ms)


Started GET "/assets/application.self-ebcb10cc75a19a8c83bc85914c3e44c2399e728df7fb67e773751a0e35aaae65.css?body=1" for ::1 at 2021-04-08 10:48:21 -0500
Started GET "/" for ::1 at 2021-04-08 12:04:13 -0400
DEPRECATION WARNING: ActiveRecord::Base.raise_in_transactional_callbacks= is deprecated, has no effect and will be removed without replacement. (called from block (3 levels) in <class:Railtie> at /Users/evanleon/.rbenv/versions/2.5.1/lib/ruby/gems/2.5.0/gems/activerecord-5.0.7.2/lib/active_record/railtie.rb:113)
Processing by StaticPagesController#index as HTML
  Rendering static_pages/index.html.erb within layouts/application
  Rendered shared/_main_nav.html.erb (0.4ms)
  Rendered shared/_masthead.html.erb (0.2ms)
  Rendered shared/_sections_nav.html.erb (0.2ms)
  Rendered shared/_search_modal.html.erb (0.2ms)
  Rendered shared/_main_content.html.erb (0.2ms)
  Rendered static_pages/index.html.erb within layouts/application (16.0ms)
Completed 200 OK in 535ms (Views: 531.6ms | ActiveRecord: 0.0ms)


Started GET "/assets/application.self-fb3e934f5c8eb29f07508493a5ebb8cb23153ba62b9b65125bebed3862ce53ba.css?body=1" for ::1 at 2021-04-08 12:04:14 -0400
Started GET "/assets/jquery_ujs.self-784a997f6726036b1993eb2217c9cb558e1cbb801c6da88105588c56f13b466a.js?body=1" for ::1 at 2021-04-08 12:04:14 -0400
Started GET "/assets/jquery.self-bd7ddd393353a8d2480a622e80342adf488fb6006d667e8b42e4c0073393abee.js?body=1" for ::1 at 2021-04-08 12:04:14 -0400
Started GET "/assets/components/sidebar.self-2a1277f850a6fa21e1a974ef5152f177ac05516477d5081d593bb137b3d6808b.js?body=1" for ::1 at 2021-04-08 12:04:14 -0400
Started GET "/assets/application.self-f571b9db02bf4ed04c38a6a29072ac382f7d4f47db1fab9817aeadb0d8665235.js?body=1" for ::1 at 2021-04-08 12:04:14 -0400
Started GET "/assets/components/modal.self-52188644dbb47def5ee35ae02e69eb567ca9b664472357a8a5789dd39032a265.js?body=1" for ::1 at 2021-04-08 12:04:14 -0400
Started GET "/cogs.png" for ::1 at 2021-04-08 12:04:14 -0400
  
ActionController::RoutingError (No route matches [GET] "/cogs.png"):
  
actionpack (5.0.7.2) lib/action_dispatch/middleware/debug_exceptions.rb:53:in `call'
web-console (3.7.0) lib/web_console/middleware.rb:135:in `call_app'
web-console (3.7.0) lib/web_console/middleware.rb:30:in `block in call'
web-console (3.7.0) lib/web_console/middleware.rb:20:in `catch'
web-console (3.7.0) lib/web_console/middleware.rb:20:in `call'
actionpack (5.0.7.2) lib/action_dispatch/middleware/show_exceptions.rb:31:in `call'
railties (5.0.7.2) lib/rails/rack/logger.rb:36:in `call_app'
railties (5.0.7.2) lib/rails/rack/logger.rb:24:in `block in call'
activesupport (5.0.7.2) lib/active_support/tagged_logging.rb:69:in `block in tagged'
activesupport (5.0.7.2) lib/active_support/tagged_logging.rb:26:in `tagged'
activesupport (5.0.7.2) lib/active_support/tagged_logging.rb:69:in `tagged'
railties (5.0.7.2) lib/rails/rack/logger.rb:24:in `call'
actionpack (5.0.7.2) lib/action_dispatch/middleware/request_id.rb:24:in `call'
rack (2.2.3) lib/rack/method_override.rb:24:in `call'
rack (2.2.3) lib/rack/runtime.rb:22:in `call'
activesupport (5.0.7.2) lib/active_support/cache/strategy/local_cache_middleware.rb:28:in `call'
actionpack (5.0.7.2) lib/action_dispatch/middleware/executor.rb:12:in `call'
rack-livereload (0.3.17) lib/rack/livereload.rb:23:in `_call'
rack-livereload (0.3.17) lib/rack/livereload.rb:14:in `call'
actionpack (5.0.7.2) lib/action_dispatch/middleware/static.rb:136:in `call'
rack (2.2.3) lib/rack/sendfile.rb:110:in `call'
railties (5.0.7.2) lib/rails/engine.rb:522:in `call'
puma (3.12.6) lib/puma/configuration.rb:227:in `call'
puma (3.12.6) lib/puma/server.rb:706:in `handle_request'
puma (3.12.6) lib/puma/server.rb:476:in `process_client'
puma (3.12.6) lib/puma/server.rb:334:in `block in run'
puma (3.12.6) lib/puma/thread_pool.rb:135:in `block in spawn_thread'
  Rendering /Users/evanleon/.rbenv/versions/2.5.1/lib/ruby/gems/2.5.0/gems/actionpack-5.0.7.2/lib/action_dispatch/middleware/templates/rescues/routing_error.html.erb within rescues/layout
  Rendering /Users/evanleon/.rbenv/versions/2.5.1/lib/ruby/gems/2.5.0/gems/actionpack-5.0.7.2/lib/action_dispatch/middleware/templates/rescues/_trace.html.erb
  Rendered /Users/evanleon/.rbenv/versions/2.5.1/lib/ruby/gems/2.5.0/gems/actionpack-5.0.7.2/lib/action_dispatch/middleware/templates/rescues/_trace.html.erb (1.2ms)
  Rendered collection of /Users/evanleon/.rbenv/versions/2.5.1/lib/ruby/gems/2.5.0/gems/actionpack-5.0.7.2/lib/action_dispatch/middleware/templates/routes/_route.html.erb [1 times] (1.1ms)
  Rendered /Users/evanleon/.rbenv/versions/2.5.1/lib/ruby/gems/2.5.0/gems/actionpack-5.0.7.2/lib/action_dispatch/middleware/templates/routes/_table.html.erb (11.9ms)
  Rendering /Users/evanleon/.rbenv/versions/2.5.1/lib/ruby/gems/2.5.0/gems/actionpack-5.0.7.2/lib/action_dispatch/middleware/templates/rescues/_request_and_response.html.erb
  Rendered /Users/evanleon/.rbenv/versions/2.5.1/lib/ruby/gems/2.5.0/gems/actionpack-5.0.7.2/lib/action_dispatch/middleware/templates/rescues/_request_and_response.html.erb (1.5ms)
  Rendered /Users/evanleon/.rbenv/versions/2.5.1/lib/ruby/gems/2.5.0/gems/actionpack-5.0.7.2/lib/action_dispatch/middleware/templates/rescues/routing_error.html.erb within rescues/layout (194.6ms)
Started GET "/" for ::1 at 2021-04-08 12:04:44 -0400
Processing by StaticPagesController#index as HTML
  Rendering static_pages/index.html.erb within layouts/application
  Rendered shared/_main_nav.html.erb (0.2ms)
  Rendered shared/_masthead.html.erb (0.2ms)
  Rendered shared/_sections_nav.html.erb (0.5ms)
  Rendered shared/_search_modal.html.erb (0.3ms)
  Rendered shared/_main_content.html.erb (0.2ms)
  Rendered static_pages/index.html.erb within layouts/application (12.1ms)
Completed 200 OK in 37ms (Views: 30.5ms | ActiveRecord: 0.0ms)


Started GET "/assets/cogs.png" for ::1 at 2021-04-08 12:04:44 -0400
Started GET "/" for ::1 at 2021-04-08 12:04:48 -0400
Processing by StaticPagesController#index as HTML
  Rendering static_pages/index.html.erb within layouts/application
  Rendered shared/_main_nav.html.erb (0.3ms)
  Rendered shared/_masthead.html.erb (0.2ms)
  Rendered shared/_sections_nav.html.erb (0.3ms)
  Rendered shared/_search_modal.html.erb (0.3ms)
  Rendered shared/_main_content.html.erb (0.2ms)
  Rendered static_pages/index.html.erb within layouts/application (15.6ms)
Completed 200 OK in 41ms (Views: 35.9ms | ActiveRecord: 0.0ms)


Started GET "/assets/images/cogs.png" for ::1 at 2021-04-08 12:04:48 -0400
  
ActionController::RoutingError (No route matches [GET] "/assets/images/cogs.png"):
  
actionpack (5.0.7.2) lib/action_dispatch/middleware/debug_exceptions.rb:53:in `call'
web-console (3.7.0) lib/web_console/middleware.rb:135:in `call_app'
web-console (3.7.0) lib/web_console/middleware.rb:30:in `block in call'
web-console (3.7.0) lib/web_console/middleware.rb:20:in `catch'
web-console (3.7.0) lib/web_console/middleware.rb:20:in `call'
actionpack (5.0.7.2) lib/action_dispatch/middleware/show_exceptions.rb:31:in `call'
railties (5.0.7.2) lib/rails/rack/logger.rb:36:in `call_app'
railties (5.0.7.2) lib/rails/rack/logger.rb:24:in `block in call'
activesupport (5.0.7.2) lib/active_support/tagged_logging.rb:69:in `block in tagged'
activesupport (5.0.7.2) lib/active_support/tagged_logging.rb:26:in `tagged'
activesupport (5.0.7.2) lib/active_support/tagged_logging.rb:69:in `tagged'
railties (5.0.7.2) lib/rails/rack/logger.rb:24:in `call'
actionpack (5.0.7.2) lib/action_dispatch/middleware/request_id.rb:24:in `call'
rack (2.2.3) lib/rack/method_override.rb:24:in `call'
rack (2.2.3) lib/rack/runtime.rb:22:in `call'
activesupport (5.0.7.2) lib/active_support/cache/strategy/local_cache_middleware.rb:28:in `call'
actionpack (5.0.7.2) lib/action_dispatch/middleware/executor.rb:12:in `call'
rack-livereload (0.3.17) lib/rack/livereload.rb:23:in `_call'
rack-livereload (0.3.17) lib/rack/livereload.rb:14:in `call'
actionpack (5.0.7.2) lib/action_dispatch/middleware/static.rb:136:in `call'
rack (2.2.3) lib/rack/sendfile.rb:110:in `call'
railties (5.0.7.2) lib/rails/engine.rb:522:in `call'
puma (3.12.6) lib/puma/configuration.rb:227:in `call'
puma (3.12.6) lib/puma/server.rb:706:in `handle_request'
puma (3.12.6) lib/puma/server.rb:476:in `process_client'
puma (3.12.6) lib/puma/server.rb:334:in `block in run'
puma (3.12.6) lib/puma/thread_pool.rb:135:in `block in spawn_thread'
  Rendering /Users/evanleon/.rbenv/versions/2.5.1/lib/ruby/gems/2.5.0/gems/actionpack-5.0.7.2/lib/action_dispatch/middleware/templates/rescues/routing_error.html.erb within rescues/layout
  Rendering /Users/evanleon/.rbenv/versions/2.5.1/lib/ruby/gems/2.5.0/gems/actionpack-5.0.7.2/lib/action_dispatch/middleware/templates/rescues/_trace.html.erb
  Rendered /Users/evanleon/.rbenv/versions/2.5.1/lib/ruby/gems/2.5.0/gems/actionpack-5.0.7.2/lib/action_dispatch/middleware/templates/rescues/_trace.html.erb (1.3ms)
  Rendered collection of /Users/evanleon/.rbenv/versions/2.5.1/lib/ruby/gems/2.5.0/gems/actionpack-5.0.7.2/lib/action_dispatch/middleware/templates/routes/_route.html.erb [1 times] (1.1ms)
  Rendered /Users/evanleon/.rbenv/versions/2.5.1/lib/ruby/gems/2.5.0/gems/actionpack-5.0.7.2/lib/action_dispatch/middleware/templates/routes/_table.html.erb (2.4ms)
  Rendering /Users/evanleon/.rbenv/versions/2.5.1/lib/ruby/gems/2.5.0/gems/actionpack-5.0.7.2/lib/action_dispatch/middleware/templates/rescues/_request_and_response.html.erb
  Rendered /Users/evanleon/.rbenv/versions/2.5.1/lib/ruby/gems/2.5.0/gems/actionpack-5.0.7.2/lib/action_dispatch/middleware/templates/rescues/_request_and_response.html.erb (1.6ms)
  Rendered /Users/evanleon/.rbenv/versions/2.5.1/lib/ruby/gems/2.5.0/gems/actionpack-5.0.7.2/lib/action_dispatch/middleware/templates/rescues/routing_error.html.erb within rescues/layout (147.4ms)
Started GET "/" for ::1 at 2021-04-08 12:04:53 -0400
Processing by StaticPagesController#index as HTML
  Rendering static_pages/index.html.erb within layouts/application
  Rendered shared/_main_nav.html.erb (0.2ms)
  Rendered shared/_masthead.html.erb (0.4ms)
  Rendered shared/_sections_nav.html.erb (0.5ms)
  Rendered shared/_search_modal.html.erb (0.3ms)
  Rendered shared/_main_content.html.erb (0.2ms)
  Rendered static_pages/index.html.erb within layouts/application (18.9ms)
Completed 200 OK in 47ms (Views: 42.8ms | ActiveRecord: 0.0ms)


Started GET "/assets/cogs.png" for ::1 at 2021-04-08 12:04:53 -0400
Started GET "/" for ::1 at 2021-04-08 12:05:33 -0400
Processing by StaticPagesController#index as HTML
  Rendering static_pages/index.html.erb within layouts/application
  Rendered shared/_main_nav.html.erb (1.0ms)
  Rendered shared/_masthead.html.erb (0.2ms)
  Rendered shared/_sections_nav.html.erb (0.2ms)
  Rendered shared/_search_modal.html.erb (0.2ms)
  Rendered shared/_main_content.html.erb (0.2ms)
  Rendered static_pages/index.html.erb within layouts/application (15.4ms)
Completed 200 OK in 37ms (Views: 35.3ms | ActiveRecord: 0.0ms)


Started GET "/assets/application.self-fb3e934f5c8eb29f07508493a5ebb8cb23153ba62b9b65125bebed3862ce53ba.css?body=1&livereload=1617898017914" for ::1 at 2021-04-08 12:06:57 -0400
Started GET "/assets/application.self-fb3e934f5c8eb29f07508493a5ebb8cb23153ba62b9b65125bebed3862ce53ba.css?body=1&livereload=1617898017915" for ::1 at 2021-04-08 12:06:57 -0400
Started GET "/assets/application.self-fb3e934f5c8eb29f07508493a5ebb8cb23153ba62b9b65125bebed3862ce53ba.css?body=1&livereload=1617898134495" for ::1 at 2021-04-08 12:08:54 -0400
Started GET "/assets/application.self-fb3e934f5c8eb29f07508493a5ebb8cb23153ba62b9b65125bebed3862ce53ba.css?body=1&livereload=1617898134494" for ::1 at 2021-04-08 12:08:54 -0400
Started GET "/assets/application.self-fb3e934f5c8eb29f07508493a5ebb8cb23153ba62b9b65125bebed3862ce53ba.css?body=1&livereload=1617898137194" for ::1 at 2021-04-08 12:08:57 -0400
Started GET "/assets/application.self-fb3e934f5c8eb29f07508493a5ebb8cb23153ba62b9b65125bebed3862ce53ba.css?body=1&livereload=1617898137195" for ::1 at 2021-04-08 12:08:57 -0400
Started GET "/assets/application.self-fb3e934f5c8eb29f07508493a5ebb8cb23153ba62b9b65125bebed3862ce53ba.css?body=1&livereload=1617898167525" for ::1 at 2021-04-08 12:09:27 -0400
Started GET "/assets/application.self-fb3e934f5c8eb29f07508493a5ebb8cb23153ba62b9b65125bebed3862ce53ba.css?body=1&livereload=1617898167526" for ::1 at 2021-04-08 12:09:27 -0400
Started GET "/assets/application.self-fb3e934f5c8eb29f07508493a5ebb8cb23153ba62b9b65125bebed3862ce53ba.css?body=1&livereload=1617898274123" for ::1 at 2021-04-08 12:11:14 -0400
Started GET "/assets/application.self-fb3e934f5c8eb29f07508493a5ebb8cb23153ba62b9b65125bebed3862ce53ba.css?body=1&livereload=1617898274122" for ::1 at 2021-04-08 12:11:14 -0400
Started GET "/assets/application.self-fb3e934f5c8eb29f07508493a5ebb8cb23153ba62b9b65125bebed3862ce53ba.css?body=1&livereload=1617898287004" for ::1 at 2021-04-08 12:11:27 -0400
Started GET "/assets/application.self-fb3e934f5c8eb29f07508493a5ebb8cb23153ba62b9b65125bebed3862ce53ba.css?body=1&livereload=1617898287005" for ::1 at 2021-04-08 12:11:27 -0400
Started GET "/" for ::1 at 2021-04-08 12:11:28 -0400
Processing by StaticPagesController#index as HTML
  Rendering static_pages/index.html.erb within layouts/application
  Rendered shared/_main_nav.html.erb (0.2ms)
  Rendered shared/_masthead.html.erb (0.2ms)
  Rendered shared/_sections_nav.html.erb (0.3ms)
  Rendered shared/_search_modal.html.erb (0.2ms)
  Rendered shared/_main_content.html.erb (0.3ms)
  Rendered static_pages/index.html.erb within layouts/application (14.9ms)
Completed 200 OK in 35ms (Views: 32.7ms | ActiveRecord: 0.0ms)


Started GET "/assets/application.self-9705fad67fb44dcc398bfbc0d35e2053a123a1f32c81b8a4e2ee04fa7dbc0dd3.css?body=1" for ::1 at 2021-04-08 12:11:28 -0400
Started GET "/assets/application.self-9705fad67fb44dcc398bfbc0d35e2053a123a1f32c81b8a4e2ee04fa7dbc0dd3.css?body=1&livereload=1617898314707" for ::1 at 2021-04-08 12:11:54 -0400
Started GET "/assets/application.self-9705fad67fb44dcc398bfbc0d35e2053a123a1f32c81b8a4e2ee04fa7dbc0dd3.css?body=1&livereload=1617898314708" for ::1 at 2021-04-08 12:11:54 -0400
Started GET "/assets/application.self-9705fad67fb44dcc398bfbc0d35e2053a123a1f32c81b8a4e2ee04fa7dbc0dd3.css?body=1&livereload=1617898316194" for ::1 at 2021-04-08 12:11:56 -0400
Started GET "/assets/application.self-9705fad67fb44dcc398bfbc0d35e2053a123a1f32c81b8a4e2ee04fa7dbc0dd3.css?body=1&livereload=1617898316195" for ::1 at 2021-04-08 12:11:56 -0400
Started GET "/assets/application.self-9705fad67fb44dcc398bfbc0d35e2053a123a1f32c81b8a4e2ee04fa7dbc0dd3.css?body=1&livereload=1617898317595" for ::1 at 2021-04-08 12:11:57 -0400
Started GET "/assets/application.self-9705fad67fb44dcc398bfbc0d35e2053a123a1f32c81b8a4e2ee04fa7dbc0dd3.css?body=1&livereload=1617898317596" for ::1 at 2021-04-08 12:11:57 -0400
Started GET "/assets/application.self-9705fad67fb44dcc398bfbc0d35e2053a123a1f32c81b8a4e2ee04fa7dbc0dd3.css?body=1&livereload=1617898324931" for ::1 at 2021-04-08 12:12:04 -0400
Started GET "/assets/application.self-9705fad67fb44dcc398bfbc0d35e2053a123a1f32c81b8a4e2ee04fa7dbc0dd3.css?body=1&livereload=1617898324932" for ::1 at 2021-04-08 12:12:04 -0400
Started GET "/assets/application.self-9705fad67fb44dcc398bfbc0d35e2053a123a1f32c81b8a4e2ee04fa7dbc0dd3.css?body=1&livereload=1617898325962" for ::1 at 2021-04-08 12:12:05 -0400
Started GET "/assets/application.self-9705fad67fb44dcc398bfbc0d35e2053a123a1f32c81b8a4e2ee04fa7dbc0dd3.css?body=1&livereload=1617898325963" for ::1 at 2021-04-08 12:12:05 -0400
Started GET "/assets/application.self-9705fad67fb44dcc398bfbc0d35e2053a123a1f32c81b8a4e2ee04fa7dbc0dd3.css?body=1&livereload=1617898351235" for ::1 at 2021-04-08 12:12:31 -0400
Started GET "/assets/application.self-9705fad67fb44dcc398bfbc0d35e2053a123a1f32c81b8a4e2ee04fa7dbc0dd3.css?body=1&livereload=1617898351236" for ::1 at 2021-04-08 12:12:31 -0400
Started GET "/assets/application.self-9705fad67fb44dcc398bfbc0d35e2053a123a1f32c81b8a4e2ee04fa7dbc0dd3.css?body=1&livereload=1617898358506" for ::1 at 2021-04-08 12:12:38 -0400
Started GET "/assets/application.self-9705fad67fb44dcc398bfbc0d35e2053a123a1f32c81b8a4e2ee04fa7dbc0dd3.css?body=1&livereload=1617898358507" for ::1 at 2021-04-08 12:12:38 -0400
Started GET "/assets/application.self-9705fad67fb44dcc398bfbc0d35e2053a123a1f32c81b8a4e2ee04fa7dbc0dd3.css?body=1&livereload=1617898361299" for ::1 at 2021-04-08 12:12:41 -0400
Started GET "/assets/application.self-9705fad67fb44dcc398bfbc0d35e2053a123a1f32c81b8a4e2ee04fa7dbc0dd3.css?body=1&livereload=1617898361302" for ::1 at 2021-04-08 12:12:41 -0400
Started GET "/assets/application.self-9705fad67fb44dcc398bfbc0d35e2053a123a1f32c81b8a4e2ee04fa7dbc0dd3.css?body=1&livereload=1617898366706" for ::1 at 2021-04-08 12:12:46 -0400
Started GET "/assets/application.self-9705fad67fb44dcc398bfbc0d35e2053a123a1f32c81b8a4e2ee04fa7dbc0dd3.css?body=1&livereload=1617898366707" for ::1 at 2021-04-08 12:12:46 -0400
Started GET "/assets/application.self-9705fad67fb44dcc398bfbc0d35e2053a123a1f32c81b8a4e2ee04fa7dbc0dd3.css?body=1&livereload=1617898368201" for ::1 at 2021-04-08 12:12:48 -0400
Started GET "/assets/application.self-9705fad67fb44dcc398bfbc0d35e2053a123a1f32c81b8a4e2ee04fa7dbc0dd3.css?body=1&livereload=1617898368202" for ::1 at 2021-04-08 12:12:48 -0400
Started GET "/assets/application.self-9705fad67fb44dcc398bfbc0d35e2053a123a1f32c81b8a4e2ee04fa7dbc0dd3.css?body=1&livereload=1617898370710" for ::1 at 2021-04-08 12:12:50 -0400
Started GET "/assets/application.self-9705fad67fb44dcc398bfbc0d35e2053a123a1f32c81b8a4e2ee04fa7dbc0dd3.css?body=1&livereload=1617898370711" for ::1 at 2021-04-08 12:12:50 -0400
Started GET "/assets/application.self-9705fad67fb44dcc398bfbc0d35e2053a123a1f32c81b8a4e2ee04fa7dbc0dd3.css?body=1&livereload=1617898377618" for ::1 at 2021-04-08 12:12:57 -0400
Started GET "/assets/application.self-9705fad67fb44dcc398bfbc0d35e2053a123a1f32c81b8a4e2ee04fa7dbc0dd3.css?body=1&livereload=1617898377619" for ::1 at 2021-04-08 12:12:57 -0400
Started GET "/assets/application.self-9705fad67fb44dcc398bfbc0d35e2053a123a1f32c81b8a4e2ee04fa7dbc0dd3.css?body=1&livereload=1617898384816" for ::1 at 2021-04-08 12:13:04 -0400
Started GET "/assets/application.self-9705fad67fb44dcc398bfbc0d35e2053a123a1f32c81b8a4e2ee04fa7dbc0dd3.css?body=1&livereload=1617898384815" for ::1 at 2021-04-08 12:13:04 -0400
Started GET "/assets/application.self-9705fad67fb44dcc398bfbc0d35e2053a123a1f32c81b8a4e2ee04fa7dbc0dd3.css?body=1&livereload=1617898390128" for ::1 at 2021-04-08 12:13:10 -0400
Started GET "/assets/application.self-9705fad67fb44dcc398bfbc0d35e2053a123a1f32c81b8a4e2ee04fa7dbc0dd3.css?body=1&livereload=1617898390130" for ::1 at 2021-04-08 12:13:10 -0400
Started GET "/assets/application.self-9705fad67fb44dcc398bfbc0d35e2053a123a1f32c81b8a4e2ee04fa7dbc0dd3.css?body=1&livereload=1617898395824" for ::1 at 2021-04-08 12:13:15 -0400
Started GET "/assets/application.self-9705fad67fb44dcc398bfbc0d35e2053a123a1f32c81b8a4e2ee04fa7dbc0dd3.css?body=1&livereload=1617898395825" for ::1 at 2021-04-08 12:13:15 -0400
Started GET "/assets/application.self-9705fad67fb44dcc398bfbc0d35e2053a123a1f32c81b8a4e2ee04fa7dbc0dd3.css?body=1&livereload=1617898401613" for ::1 at 2021-04-08 12:13:21 -0400
Started GET "/assets/application.self-9705fad67fb44dcc398bfbc0d35e2053a123a1f32c81b8a4e2ee04fa7dbc0dd3.css?body=1&livereload=1617898401614" for ::1 at 2021-04-08 12:13:21 -0400
Started GET "/assets/application.self-9705fad67fb44dcc398bfbc0d35e2053a123a1f32c81b8a4e2ee04fa7dbc0dd3.css?body=1&livereload=1617898416165" for ::1 at 2021-04-08 12:13:36 -0400
Started GET "/assets/application.self-9705fad67fb44dcc398bfbc0d35e2053a123a1f32c81b8a4e2ee04fa7dbc0dd3.css?body=1&livereload=1617898416167" for ::1 at 2021-04-08 12:13:36 -0400
Started GET "/assets/application.self-9705fad67fb44dcc398bfbc0d35e2053a123a1f32c81b8a4e2ee04fa7dbc0dd3.css?body=1&livereload=1617898417935" for ::1 at 2021-04-08 12:13:37 -0400
Started GET "/assets/application.self-9705fad67fb44dcc398bfbc0d35e2053a123a1f32c81b8a4e2ee04fa7dbc0dd3.css?body=1&livereload=1617898417936" for ::1 at 2021-04-08 12:13:37 -0400
Started GET "/assets/application.self-9705fad67fb44dcc398bfbc0d35e2053a123a1f32c81b8a4e2ee04fa7dbc0dd3.css?body=1&livereload=1617898419247" for ::1 at 2021-04-08 12:13:39 -0400
Started GET "/assets/application.self-9705fad67fb44dcc398bfbc0d35e2053a123a1f32c81b8a4e2ee04fa7dbc0dd3.css?body=1&livereload=1617898419248" for ::1 at 2021-04-08 12:13:39 -0400
Started GET "/assets/application.self-9705fad67fb44dcc398bfbc0d35e2053a123a1f32c81b8a4e2ee04fa7dbc0dd3.css?body=1&livereload=1617898427558" for ::1 at 2021-04-08 12:13:47 -0400
Started GET "/assets/application.self-9705fad67fb44dcc398bfbc0d35e2053a123a1f32c81b8a4e2ee04fa7dbc0dd3.css?body=1&livereload=1617898427559" for ::1 at 2021-04-08 12:13:47 -0400
Started GET "/" for ::1 at 2021-04-08 12:14:08 -0400
Processing by StaticPagesController#index as HTML
  Rendering static_pages/index.html.erb within layouts/application
  Rendered shared/_main_nav.html.erb (0.3ms)
  Rendered shared/_masthead.html.erb (0.3ms)
  Rendered shared/_sections_nav.html.erb (0.2ms)
  Rendered shared/_search_modal.html.erb (0.3ms)
  Rendered shared/_main_content.html.erb (0.2ms)
  Rendered static_pages/index.html.erb within layouts/application (14.1ms)
Completed 500 Internal Server Error in 38ms (ActiveRecord: 0.0ms)



Sass::SyntaxError - Invalid CSS after "	// text-align:": expected expression (e.g. 1px, bold), was "}":
  app/views/layouts/application.html.erb:7:in `_app_views_layouts_application_html_erb___3874438141245872655_70324615388660'

Started POST "/__better_errors/48353bac535ba603/variables" for ::1 at 2021-04-08 12:14:08 -0400
Started GET "/" for ::1 at 2021-04-08 12:14:15 -0400
Processing by StaticPagesController#index as HTML
  Rendering static_pages/index.html.erb within layouts/application
  Rendered shared/_main_nav.html.erb (0.3ms)
  Rendered shared/_masthead.html.erb (0.2ms)
  Rendered shared/_sections_nav.html.erb (0.3ms)
  Rendered shared/_search_modal.html.erb (0.3ms)
  Rendered shared/_main_content.html.erb (0.3ms)
  Rendered static_pages/index.html.erb within layouts/application (18.0ms)
Completed 500 Internal Server Error in 56ms (ActiveRecord: 0.0ms)



Sass::SyntaxError - Invalid CSS after "	// text-align:": expected expression (e.g. 1px, bold), was "}":
  app/views/layouts/application.html.erb:7:in `_app_views_layouts_application_html_erb___3874438141245872655_70324688222080'

Started POST "/__better_errors/209d9d3f3247fa82/variables" for ::1 at 2021-04-08 12:14:15 -0400
